#
# There is insufficient memory for the Java Runtime Environment to continue.
# Native memory allocation (malloc) failed to allocate 235856 bytes for Chunk::new
# Possible reasons:
#   The system is out of physical RAM or swap space
#   The process is running with CompressedOops enabled, and the Java Heap may be blocking the growth of the native heap
# Possible solutions:
#   Reduce memory load on the system
#   Increase physical memory or swap space
#   Check if swap backing store is full
#   Decrease Java heap size (-Xmx/-Xms)
#   Decrease number of Java threads
#   Decrease Java thread stack sizes (-Xss)
#   Set larger code cache with -XX:ReservedCodeCacheSize=
#   JVM is running with Unscaled Compressed Oops mode in which the Java heap is
#     placed in the first 4GB address space. The Java Heap base address is the
#     maximum limit for the native heap growth. Please use -XX:HeapBaseMinAddress
#     to set the Java Heap base and to place the Java Heap above 4GB virtual address.
# This output file may be truncated or incomplete.
#
#  Out of Memory Error (allocation.cpp:389), pid=17596, tid=0x00000000000043a0
#
# JRE version: Java(TM) SE Runtime Environment (8.0_351-b10) (build 1.8.0_351-b10)
# Java VM: Java HotSpot(TM) 64-Bit Server VM (25.351-b10 mixed mode windows-amd64 compressed oops)
# Failed to write core dump. Minidumps are not enabled by default on client versions of Windows
#

---------------  T H R E A D  ---------------

Current thread (0x000001d44f2de000):  JavaThread "C2 CompilerThread0" daemon [_thread_in_native, id=17312, stack(0x000000d044200000,0x000000d044300000)]

Stack: [0x000000d044200000,0x000000d044300000]
Native frames: (J=compiled Java code, j=interpreted, Vv=VM code, C=native code)
V  [jvm.dll+0x3300b9]
V  [jvm.dll+0x276632]
V  [jvm.dll+0x2772dd]
V  [jvm.dll+0x26dc85]
V  [jvm.dll+0xd584c]
V  [jvm.dll+0xd604c]
V  [jvm.dll+0x454572]
V  [jvm.dll+0x48f62d]
V  [jvm.dll+0x443c8e]
V  [jvm.dll+0x4413ab]
V  [jvm.dll+0x42c27b]
V  [jvm.dll+0xac69b]
V  [jvm.dll+0xaacfb]
V  [jvm.dll+0x23ec62]
V  [jvm.dll+0x29330c]
C  [ucrtbase.dll+0x21bb2]
C  [KERNEL32.DLL+0x17034]
C  [ntdll.dll+0x526a1]


Current CompileTask:
C2:    464  413   !   4       sun.misc.URLClassPath$JarLoader::getResource (85 bytes)


---------------  P R O C E S S  ---------------

Java Threads: ( => current thread )
  0x000001d44f307000 JavaThread "Service Thread" daemon [_thread_blocked, id=13276, stack(0x000000d044600000,0x000000d044700000)]
  0x000001d44f2ea800 JavaThread "C1 CompilerThread3" daemon [_thread_blocked, id=10696, stack(0x000000d044500000,0x000000d044600000)]
  0x000001d44f2e5000 JavaThread "C2 CompilerThread2" daemon [_thread_blocked, id=10968, stack(0x000000d044400000,0x000000d044500000)]
  0x000001d44f2e0000 JavaThread "C2 CompilerThread1" daemon [_thread_blocked, id=20732, stack(0x000000d044300000,0x000000d044400000)]
=>0x000001d44f2de000 JavaThread "C2 CompilerThread0" daemon [_thread_in_native, id=17312, stack(0x000000d044200000,0x000000d044300000)]
  0x000001d44f2da800 JavaThread "Monitor Ctrl-Break" daemon [_thread_in_native, id=14444, stack(0x000000d044100000,0x000000d044200000)]
  0x000001d44cf22000 JavaThread "Attach Listener" daemon [_thread_blocked, id=21436, stack(0x000000d044000000,0x000000d044100000)]
  0x000001d44cf0a800 JavaThread "Signal Dispatcher" daemon [_thread_blocked, id=17664, stack(0x000000d043f00000,0x000000d044000000)]
  0x000001d44ceec800 JavaThread "Finalizer" daemon [_thread_blocked, id=12264, stack(0x000000d043e00000,0x000000d043f00000)]
  0x000001d44cee5800 JavaThread "Reference Handler" daemon [_thread_blocked, id=12164, stack(0x000000d043d00000,0x000000d043e00000)]
  0x000001d436d3b800 JavaThread "main" [_thread_in_Java, id=14004, stack(0x000000d043100000,0x000000d043200000)]

Other Threads:
  0x000001d44cebd800 VMThread [stack: 0x000000d043c00000,0x000000d043d00000] [id=22204]
  0x000001d44f3f5000 WatcherThread [stack: 0x000000d044700000,0x000000d044800000] [id=15112]

VM state:not at safepoint (normal execution)

VM Mutex/Monitor currently owned by a thread: None

heap address: 0x0000000082200000, size: 2014 MB, Compressed Oops mode: 32-bit
Narrow klass base: 0x0000000000000000, Narrow klass shift: 3
Compressed class space size: 1073741824 Address: 0x0000000100000000

Heap:
 PSYoungGen      total 37888K, used 11844K [0x00000000d6100000, 0x00000000d8b00000, 0x0000000100000000)
  eden space 32768K, 36% used [0x00000000d6100000,0x00000000d6c913b8,0x00000000d8100000)
  from space 5120K, 0% used [0x00000000d8600000,0x00000000d8600000,0x00000000d8b00000)
  to   space 5120K, 0% used [0x00000000d8100000,0x00000000d8100000,0x00000000d8600000)
 ParOldGen       total 86016K, used 0K [0x0000000082200000, 0x0000000087600000, 0x00000000d6100000)
  object space 86016K, 0% used [0x0000000082200000,0x0000000082200000,0x0000000087600000)
 Metaspace       used 6119K, capacity 6262K, committed 6400K, reserved 1056768K
  class space    used 716K, capacity 768K, committed 768K, reserved 1048576K

Card table byte_map: [0x000001d447ad0000,0x000001d447ec0000] byte_map_base: 0x000001d4476bf000

Marking Bits: (ParMarkBitMap*) 0x000000005c2b8fd0
 Begin Bits: [0x000001d448160000, 0x000001d44a0d8000)
 End Bits:   [0x000001d44a0d8000, 0x000001d44c050000)

Polling page: 0x000001d436e10000

CodeCache: size=245760Kb used=2192Kb max_used=2197Kb free=243567Kb
 bounds [0x000001d438710000, 0x000001d438980000, 0x000001d447710000]
 total_blobs=752 nmethods=460 adapters=205
 compilation: enabled

Compilation events (10 events):
Event: 0.418 Thread 0x000001d44f2ea800  414       3       java.net.URLStreamHandler::setURL (73 bytes)
Event: 0.418 Thread 0x000001d44f2ea800 nmethod 414 0x000001d438917d90 code [0x000001d438917fc0, 0x000001d438918e40]
Event: 0.418 Thread 0x000001d44f2ea800  416       3       java.util.jar.Attributes::getValue (9 bytes)
Event: 0.418 Thread 0x000001d44f2ea800 nmethod 416 0x000001d438919510 code [0x000001d438919680, 0x000001d4389199f0]
Event: 0.418 Thread 0x000001d44f2ea800  415  s    3       sun.misc.URLClassPath::getLookupCache (98 bytes)
Event: 0.419 Thread 0x000001d44f2ea800 nmethod 415 0x000001d438919b10 code [0x000001d438919ca0, 0x000001d43891a200]
Event: 0.421 Thread 0x000001d44f2ea800  417       3       sun.misc.SharedSecrets::javaUtilJarAccess (18 bytes)
Event: 0.421 Thread 0x000001d44f2ea800 nmethod 417 0x000001d43891a350 code [0x000001d43891a4c0, 0x000001d43891a710]
Event: 0.422 Thread 0x000001d44f2ea800  418       3       java.nio.charset.CharsetDecoder::maxCharsPerByte (5 bytes)
Event: 0.422 Thread 0x000001d44f2ea800 nmethod 418 0x000001d43891a790 code [0x000001d43891a8e0, 0x000001d43891aa38]

GC Heap History (0 events):
No events

Deoptimization events (1 events):
Event: 0.360 Thread 0x000001d436d3b800 Uncommon trap: reason=unstable_if action=reinterpret pc=0x000001d43889f790 method=java.lang.String.indexOf([CII[CIII)I @ 3

Classes redefined (0 events):
No events

Internal exceptions (7 events):
Event: 0.051 Thread 0x000001d436d3b800 Exception <a 'java/lang/NoSuchMethodError': Method sun.misc.Unsafe.defineClass(Ljava/lang/String;[BII)Ljava/lang/Class; name or signature does not match> (0x00000000d6107ce0) thrown at [C:\jenkins\workspace\8-2-build-windows-x64-cygwin\jdk8u351\2908\hotsp
Event: 0.051 Thread 0x000001d436d3b800 Exception <a 'java/lang/NoSuchMethodError': Method sun.misc.Unsafe.prefetchRead(Ljava/lang/Object;J)V name or signature does not match> (0x00000000d6107fc8) thrown at [C:\jenkins\workspace\8-2-build-windows-x64-cygwin\jdk8u351\2908\hotspot\src\share\vm\pr
Event: 0.255 Thread 0x000001d436d3b800 Exception <a 'java/io/FileNotFoundException'> (0x00000000d6447b28) thrown at [C:\jenkins\workspace\8-2-build-windows-x64-cygwin\jdk8u351\2908\hotspot\src\share\vm\prims\jni.cpp, line 710]
Event: 0.305 Thread 0x000001d436d3b800 Exception <a 'java/security/PrivilegedActionException'> (0x00000000d65ad848) thrown at [C:\jenkins\workspace\8-2-build-windows-x64-cygwin\jdk8u351\2908\hotspot\src\share\vm\prims\jvm.cpp, line 1513]
Event: 0.305 Thread 0x000001d436d3b800 Exception <a 'java/security/PrivilegedActionException'> (0x00000000d65adc40) thrown at [C:\jenkins\workspace\8-2-build-windows-x64-cygwin\jdk8u351\2908\hotspot\src\share\vm\prims\jvm.cpp, line 1513]
Event: 0.399 Thread 0x000001d436d3b800 Exception <a 'java/lang/NoSuchFieldError': method resolution failed> (0x00000000d69806e0) thrown at [C:\jenkins\workspace\8-2-build-windows-x64-cygwin\jdk8u351\2908\hotspot\src\share\vm\prims\methodHandles.cpp, line 1188]
Event: 0.401 Thread 0x000001d436d3b800 Exception <a 'java/lang/NoSuchFieldError': method resolution failed> (0x00000000d698e640) thrown at [C:\jenkins\workspace\8-2-build-windows-x64-cygwin\jdk8u351\2908\hotspot\src\share\vm\prims\methodHandles.cpp, line 1188]

Events (10 events):
Event: 0.421 loading class org/springframework/util/ConcurrentReferenceHashMap$1
Event: 0.421 loading class org/springframework/util/ConcurrentReferenceHashMap$1 done
Event: 0.422 loading class org/springframework/util/ConcurrentReferenceHashMap$4
Event: 0.422 loading class org/springframework/util/ConcurrentReferenceHashMap$4 done
Event: 0.422 loading class org/springframework/util/ConcurrentReferenceHashMap$5
Event: 0.422 loading class org/springframework/util/ConcurrentReferenceHashMap$5 done
Event: 0.423 loading class org/springframework/util/ConcurrentReferenceHashMap$ReferenceType
Event: 0.423 loading class org/springframework/util/ConcurrentReferenceHashMap$ReferenceType done
Event: 0.423 loading class org/springframework/util/ConcurrentReferenceHashMap$Segment
Event: 0.423 loading class org/springframework/util/ConcurrentReferenceHashMap$Segment done


Dynamic libraries:
0x00007ff64c090000 - 0x00007ff64c0d7000 	D:\Java\JDK\bin\java.exe
0x00007ffbb2e10000 - 0x00007ffbb3008000 	C:\WINDOWS\SYSTEM32\ntdll.dll
0x00007ffbb2140000 - 0x00007ffbb21fd000 	C:\WINDOWS\System32\KERNEL32.DLL
0x00007ffbb08c0000 - 0x00007ffbb0b92000 	C:\WINDOWS\System32\KERNELBASE.dll
0x00007ffbb24e0000 - 0x00007ffbb258e000 	C:\WINDOWS\System32\ADVAPI32.dll
0x00007ffbb2ad0000 - 0x00007ffbb2b6e000 	C:\WINDOWS\System32\msvcrt.dll
0x00007ffbb1f50000 - 0x00007ffbb1fec000 	C:\WINDOWS\System32\sechost.dll
0x00007ffbb2000000 - 0x00007ffbb2125000 	C:\WINDOWS\System32\RPCRT4.dll
0x00007ffbb26a0000 - 0x00007ffbb283d000 	C:\WINDOWS\System32\USER32.dll
0x00007ffbb0ba0000 - 0x00007ffbb0bc2000 	C:\WINDOWS\System32\win32u.dll
0x00007ffbb0ec0000 - 0x00007ffbb0eeb000 	C:\WINDOWS\System32\GDI32.dll
0x00007ffbb0780000 - 0x00007ffbb088f000 	C:\WINDOWS\System32\gdi32full.dll
0x00007ffbb0bd0000 - 0x00007ffbb0c6d000 	C:\WINDOWS\System32\msvcp_win.dll
0x00007ffbb0c70000 - 0x00007ffbb0d70000 	C:\WINDOWS\System32\ucrtbase.dll
0x00007ffb99290000 - 0x00007ffb9952a000 	C:\WINDOWS\WinSxS\amd64_microsoft.windows.common-controls_6595b64144ccf1df_6.0.19041.1110_none_60b5254171f9507e\COMCTL32.dll
0x00007ffbb0e70000 - 0x00007ffbb0ea0000 	C:\WINDOWS\System32\IMM32.DLL
0x00007ffbaaf00000 - 0x00007ffbaaf15000 	D:\Java\JDK\jre\bin\vcruntime140.dll
0x00007ffb7d850000 - 0x00007ffb7d8eb000 	D:\Java\JDK\jre\bin\msvcp140.dll
0x000000005bad0000 - 0x000000005c331000 	D:\Java\JDK\jre\bin\server\jvm.dll
0x00007ffbb1ff0000 - 0x00007ffbb1ff8000 	C:\WINDOWS\System32\PSAPI.DLL
0x00007ffb9bcc0000 - 0x00007ffb9bce7000 	C:\WINDOWS\SYSTEM32\WINMM.dll
0x00007ffb937d0000 - 0x00007ffb937d9000 	C:\WINDOWS\SYSTEM32\WSOCK32.dll
0x00007ffba9580000 - 0x00007ffba958a000 	C:\WINDOWS\SYSTEM32\VERSION.dll
0x00007ffbb0fc0000 - 0x00007ffbb102b000 	C:\WINDOWS\System32\WS2_32.dll
0x00007ffbae3e0000 - 0x00007ffbae3f2000 	C:\WINDOWS\SYSTEM32\kernel.appcore.dll
0x00007ffbadd10000 - 0x00007ffbadd20000 	D:\Java\JDK\jre\bin\verify.dll
0x00007ffb8a440000 - 0x00007ffb8a46b000 	D:\Java\JDK\jre\bin\java.dll
0x00007ffb9e2d0000 - 0x00007ffb9e300000 	D:\Java\JDK\jre\bin\instrument.dll
0x00007ffb9e060000 - 0x00007ffb9e078000 	D:\Java\JDK\jre\bin\zip.dll
0x00007ffbb1800000 - 0x00007ffbb1f43000 	C:\WINDOWS\System32\SHELL32.dll
0x00007ffbae5e0000 - 0x00007ffbaed71000 	C:\WINDOWS\SYSTEM32\windows.storage.dll
0x00007ffbb14a0000 - 0x00007ffbb17f4000 	C:\WINDOWS\System32\combase.dll
0x00007ffbaff80000 - 0x00007ffbaffb0000 	C:\WINDOWS\SYSTEM32\Wldp.dll
0x00007ffbb2590000 - 0x00007ffbb263d000 	C:\WINDOWS\System32\SHCORE.dll
0x00007ffbb0ef0000 - 0x00007ffbb0f45000 	C:\WINDOWS\System32\shlwapi.dll
0x00007ffbb0460000 - 0x00007ffbb047f000 	C:\WINDOWS\SYSTEM32\profapi.dll
0x00007ffba9600000 - 0x00007ffba961a000 	D:\Java\IntelliJ IDEA 2022.2.3\bin\breakgen64.dll
0x00007ffb87220000 - 0x00007ffb8723c000 	D:\Java\JDK\jre\bin\net.dll
0x00007ffbafce0000 - 0x00007ffbafd4a000 	C:\WINDOWS\system32\mswsock.dll
0x00007ffb9b380000 - 0x00007ffb9b564000 	C:\WINDOWS\SYSTEM32\dbghelp.dll
0x00007ffbb0de0000 - 0x00007ffbb0e62000 	C:\WINDOWS\System32\bcryptPrimitives.dll

VM Arguments:
jvm_args: -ea -Didea.test.cyclic.buffer.size=1048576 -javaagent:D:\Java\IntelliJ IDEA 2022.2.3\lib\idea_rt.jar=62200:D:\Java\IntelliJ IDEA 2022.2.3\bin -Dfile.encoding=UTF-8 
java_command: com.intellij.rt.junit.JUnitStarter -ideVersion5 -junit4 com.chen.MybatisTest,test1
java_class_path (initial): D:\Java\IntelliJ IDEA 2022.2.3\lib\idea_rt.jar;D:\Java\IntelliJ IDEA 2022.2.3\plugins\junit\lib\junit5-rt.jar;D:\Java\IntelliJ IDEA 2022.2.3\plugins\junit\lib\junit-rt.jar;D:\Java\JDK\jre\lib\charsets.jar;D:\Java\JDK\jre\lib\deploy.jar;D:\Java\JDK\jre\lib\ext\access-bridge-64.jar;D:\Java\JDK\jre\lib\ext\cldrdata.jar;D:\Java\JDK\jre\lib\ext\dnsns.jar;D:\Java\JDK\jre\lib\ext\jaccess.jar;D:\Java\JDK\jre\lib\ext\jfxrt.jar;D:\Java\JDK\jre\lib\ext\localedata.jar;D:\Java\JDK\jre\lib\ext\nashorn.jar;D:\Java\JDK\jre\lib\ext\sunec.jar;D:\Java\JDK\jre\lib\ext\sunjce_provider.jar;D:\Java\JDK\jre\lib\ext\sunmscapi.jar;D:\Java\JDK\jre\lib\ext\sunpkcs11.jar;D:\Java\JDK\jre\lib\ext\zipfs.jar;D:\Java\JDK\jre\lib\javaws.jar;D:\Java\JDK\jre\lib\jce.jar;D:\Java\JDK\jre\lib\jfr.jar;D:\Java\JDK\jre\lib\jfxswt.jar;D:\Java\JDK\jre\lib\jsse.jar;D:\Java\JDK\jre\lib\management-agent.jar;D:\Java\JDK\jre\lib\plugin.jar;D:\Java\JDK\jre\lib\resources.jar;D:\Java\JDK\jre\lib\rt.jar;D:\JavaWorkSpace\Spring_ssm_8\target\test-classes;D:\JavaWorkSpace\Spring_ssm_8\target\classes;C:\Users\chen\.m2\repository\org\springframework\spring-context\5.0.5.RELEASE\spring-context-5.0.5.RELEASE.jar;C:\Users\chen\.m2\repository\org\springframework\spring-aop\5.0.5.RELEASE\spring-aop-5.0.5.RELEASE.jar;C:\Users\chen\.m2\repository\org\springframework\spring-beans\5.0.5.RELEASE\spring-beans-5.0.5.RELEASE.jar;C:\Users\chen\.m2\repository\org\springframework\spring-core\5.0.5.RELEASE\spring-core-5.0.5.RELEASE.jar;C:\Users\chen\.m2\repository\org\springframework\spring-jcl\5.0.5.RELEASE\spring-jcl-5.0.5.RELEASE.jar;C:\Users\chen\.m2\repository\org\springframework\spring-expression\5.0.5.RELEASE\spring-expression-5.0.5.RELEASE.jar;C:\Users\chen\.m2\repository\org\aspectj\aspectjweaver\1.8.7\aspectjweaver-1.8.7.jar;C:\Users\chen\.m2\repository\org\springframework\spring-jdbc\5.0.5.RELEASE\spring-jdbc-5.0.5.RELEASE.jar;C:\Users\chen\.m2\repository\org\springframework\spring-tx\5.0.5.RELEASE\sp
Launcher Type: SUN_STANDARD

Environment Variables:
JAVA_HOME=D:\Java\JDK
PATH=C:\Program Files (x86)\Common Files\Oracle\Java\javapath;%D:\Java\jdk-17.0.5%\bin;D:\Java\xshell\;D:\Java\maven\apache-maven-3.8.6\bin;C:\Program Files (x86)\Intel\Intel(R) Management Engine Components\iCLS\;C:\Program Files\Intel\Intel(R) Management Engine Components\iCLS\;C:\Windows\system32;C:\Windows;C:\Windows\System32\Wbem;C:\Windows\System32\WindowsPowerShell\v1.0\;C:\Windows\System32\OpenSSH\;C:\Program Files (x86)\NVIDIA Corporation\PhysX\Common;C:\Program Files (x86)\Intel\Intel(R) Management Engine Components\DAL;C:\Program Files\Intel\Intel(R) Management Engine Components\DAL;C:\Program Files\Intel\WiFi\bin\;C:\Program Files\Common Files\Intel\WirelessCommon\;C:\WINDOWS\system32;C:\WINDOWS;C:\WINDOWS\System32\Wbem;C:\WINDOWS\System32\WindowsPowerShell\v1.0\;C:\WINDOWS\System32\OpenSSH\;D:\mysql\mysql-8.0.31-winx64\bin;D:\Java\Git\cmd;C:\Users\chen\AppData\Local\Microsoft\WindowsApps;;D:\Java\IntelliJ IDEA 2022.2.3\bin;
USERNAME=chen
OS=Windows_NT
PROCESSOR_IDENTIFIER=Intel64 Family 6 Model 158 Stepping 10, GenuineIntel



---------------  S Y S T E M  ---------------

OS: Windows 10 , 64 bit Build 19041 (10.0.19041.1889)

CPU:total 12 (initial active 12) (6 cores per cpu, 2 threads per core) family 6 model 158 stepping 10, cmov, cx8, fxsr, mmx, sse, sse2, sse3, ssse3, sse4.1, sse4.2, popcnt, avx, avx2, aes, clmul, erms, 3dnowpref, lzcnt, ht, tsc, tscinvbit, bmi1, bmi2, adx

Memory: 4k page, physical 8243524k(607868k free), swap 33409348k(332k free)

vm_info: Java HotSpot(TM) 64-Bit Server VM (25.351-b10) for windows-amd64 JRE (1.8.0_351-b10), built on Sep 15 2022 02:58:06 by "java_re" with MS VC++ 15.9 (VS2017)

time: Thu Nov  3 15:42:26 2022
timezone: Intel64 Family 6 Model 158 Stepping 10, GenuineIntel
elapsed time: 0.473138 seconds (0d 0h 0m 0s)

